
R version 4.1.2 (2021-11-01) -- "Bird Hippie"
Copyright (C) 2021 The R Foundation for Statistical Computing
Platform: x86_64-conda-linux-gnu (64-bit)

R is free software and comes with ABSOLUTELY NO WARRANTY.
You are welcome to redistribute it under certain conditions.
Type 'license()' or 'licence()' for distribution details.

  Natural language support but running in an English locale

R is a collaborative project with many contributors.
Type 'contributors()' for more information and
'citation()' on how to cite R or R packages in publications.

Type 'demo()' for some demos, 'help()' for on-line help, or
'help.start()' for an HTML browser interface to help.
Type 'q()' to quit R.

> #rm(list=ls())
> #setwd("~/projects/paramNMF_ms")
> ################################################################
> ## Robustness of Signatures
> ################################################################
> # library(foreach)
> # library(doParallel)
> # library(parallel)
> # 
> # cores=detectCores()
> # cl <- makeCluster(cores[1]-1)
> #library(ggplot2)
> #library(ggpubr)
> source("loadBRCA214models.R")
> 
> MonoRes = resFactors[[1]]
> MixRes = resFactors[[13]]
> DiRes = resFactors[[37]]
> TriRes = resFactors[[45]]
> cat("GKL: Mono-", MonoRes$gkl, " Mix-",MixRes$gkl, " Di-", DiRes$gkl, " Tri-", TriRes$gkl)
GKL: Mono- 31703.19  Mix- 16796.28  Di- 17780.86  Tri- 15408.9>  
> mMono = cosMatch(TriRes$signatures, MonoRes$signatures)$match
> mMix = cosMatch(TriRes$signatures, MixRes$signatures)$match
> mDi = cosMatch(TriRes$signatures, DiRes$signatures)$match
> 
> ##-----------------------------------------------------------------------
> ## Sample a number of mutations from each patient (downsampling)
> ##-----------------------------------------------------------------------
> sampleV <- V
> nG <- dim(V)[1]     # Number of patients (genomes)
> nMtTps <- dim(V)[2] # Number of mutation types
> nMt <- rowSums(V)
> noSig = 8
> 
> nSim <- 10  # 5 if small study. 100 if intermediate. 200 if large.
> init = 100   # number of initialisations
> tol = 1e-8
> 
> # TriRes <- NMFglmSQR(Data = sampleV, NoSignatures = noSig, DesignMatrix = rep(list(Mfull),noSig), tolerance = tol,initial = init)
> # MixRes <- NMFglmSQR(Data = sampleV, NoSignatures = noSig, DesignMatrix = list(Mfull,Mdi,Mdi,Mmono),tol=tol,initial = init)
> # DiRes <- NMFglmSQR(Data = sampleV, NoSignatures = noSig, DesignMatrix = rep(list(Mdi),noSig),tolerance = tol,initial = init)
> # MonoRes <- NMFglmSQR(Data = sampleV, NoSignatures = noSig, DesignMatrix = rep(list(Mmono),noSig),tolerance = tol,initial = init)
> 
> #save(TriRes,DiRes,MonoRes, file = "FactorsBRCA119.RData")
> #cat("GKL Di:", DiRes$gkl, " with convergence ", DiRes$conv, "\n")
> #cat("GKL Mix:", MixRes$gkl, " with convergence ", MixRes$conv, "\n")
> 
> ResCosineMatTri <- matrix(0,nrow=noSig,ncol=nSim) 
> ResCosineMatMix <- matrix(0,nrow=noSig,ncol=nSim) 
> ResCosineMatDi <- matrix(0,nrow=noSig,ncol=nSim) 
> ResCosineMatMono <- matrix(0,nrow=noSig,ncol=nSim)
> 
> #foreach(nsim=1:nSim, .combine=c, .inorder=FALSE,.export = ls(globalenv())) %dopar% {
> for(nsim in 1:nSim){
+   cat(nsim,"out of",nSim,"\n")
+   nSimMt <- rowSums(V) # could potentially downsample
+   #for (i in 1:nG){
+   #  set.seed(NULL)
+   #  sim <- sample( x=1:nMtTps , size=nSimMt[i], replace=TRUE, prob=V[i,])
+   #  sampleV[i,] <- tabulate(sim,nbins=nMtTps)
+   #}
+   
+   # ResultFixTri <- NMFglmSQR(Data = sampleV, NoSignatures = noSig, DesignMatrix = rep(list(Mfull),noSig), tol=tol,initial = init)
+   # ResultFixMix <- NMFglmSQR(Data = sampleV, NoSignatures = noSig, DesignMatrix = list(Mfull,Mdi,Mdi,Mmono),tol=tol,initial = init)
+   # ResultFixDi <- NMFglmSQR(Data = sampleV, NoSignatures = noSig, DesignMatrix = rep(list(Mdi),noSig),tol=tol,initial = init)
+   # ResultFixMono <- NMFglmSQR(Data = sampleV, NoSignatures = noSig, DesignMatrix = rep(list(Mmono),noSig),tol=tol,initial = init)
+   # cat("GKL Di:", ResultFixDi$gkl, " with convergence ", ResultFixDi$conv, "\n")
+   # cat("GKL Mix:", ResultFixMix$gkl, " with convergence ", ResultFixMix$conv, "\n")
+   
+   ResultFixTri <- nmfprm(data = sampleV, noSignatures = noSig, designMatrices = rep(list(Mfull),noSig), tol=tol,initial = init)
+   ResultFixMix <- nmfprm(data = sampleV, noSignatures = noSig, designMatrices = list(Mmono,Mmono,Mmono,Mmono,Mfull,Mfull,Mdi,Mdi),tol=tol,initial = init)
+   ResultFixDi <- nmfprm(data = sampleV, noSignatures = noSig, designMatrices = rep(list(Mdi),noSig),tol=tol,initial = init)
+   ResultFixMono <- nmfprm(data = sampleV, noSignatures = noSig, designMatrices = rep(list(Mmono),noSig),tol=tol,initial = init)
+   # Compare signatures: Cosine similarity for each patient
+   ResCosineMatTri[,nsim] = cosMatch(TriRes$signatures,ResultFixTri$signatures)$cossim
+   ResCosineMatMix[,nsim] = cosMatch(MixRes$signatures[mMix,],ResultFixMix$signatures)$cossim
+   ResCosineMatDi[,nsim] = cosMatch(DiRes$signatures[mDi,],ResultFixDi$signatures)$cossim
+   ResCosineMatMono[,nsim] = cosMatch(MonoRes$signatures[mMono,],ResultFixMono$signatures)$cossim
+   
+   cat("GKL: Mono-", ResultFixMono$gkl, " Mix-",ResultFixMix$gkl, " Di-", ResultFixDi$gkl, " Tri-", ResultFixTri$gkl)
+   
+   save(ResCosineMatTri,ResCosineMatMix, ResCosineMatDi,ResCosineMatMono, file = "SimilaritySignaturesBRCA214sameData.RData")
+ }
1 out of 10 
Iterations:2960
GKL: Mono- 31703.05  Mix- 17273.26  Di- 17921.01  Tri- 15410.22 out of 10 
Iterations:9805
Iterations:9379
Iterations:3514
GKL: Mono- 31703.12  Mix- 16722.25  Di- 17952.33  Tri- 15409.273 out of 10 
Iterations:8596
Iterations:9437
Iterations:2453
GKL: Mono- 31711  Mix- 16723.22  Di- 17525.91  Tri- 15409.454 out of 10 
Iterations:8799
Iterations:2219
GKL: Mono- 31711  Mix- 16742.37  Di- 17573.88  Tri- 15410.525 out of 10 
Iterations:5597
Iterations:4185
Iterations:2856
GKL: Mono- 31711  Mix- 16743.71  Di- 17787  Tri- 15411.376 out of 10 
Iterations:9265
Iterations:8894
Iterations:3128
GKL: Mono- 31703.09  Mix- 17505.61  Di- 17646.6  Tri- 15411.687 out of 10 
Iterations:9395
Iterations:4547
GKL: Mono- 31704  Mix- 16729.74  Di- 17707.89  Tri- 154108 out of 10 
Iterations:3458
GKL: Mono- 31703.07  Mix- 16721.87  Di- 17695.28  Tri- 15410.29 out of 10 
Iterations:7301
Iterations:9056
Iterations:9219
Iterations:3057
GKL: Mono- 31703.03  Mix- 16722.98  Di- 18063.92  Tri- 15409.5210 out of 10 
Iterations:7854
Iterations:3626
GKL: Mono- 31703.07  Mix- 16722.35  Di- 17497.94  Tri- 15409.29> " Di-", ResultFixDi$gkl)
Error: unexpected ',' in "" Di-","
Execution halted
